2026-05-01T05:51:36: Total books now: 10000
2026-05-02T11:15:50: Bot Command Center sedang berjalan...
2026-05-02T11:22:39: Bot Command Center v10.25 sedang berjalan...
2026-05-02T11:22:39: 
2026-05-02T11:29:31: Bot Command Center SaaS Edition sedang berjalan...
2026-05-02T11:34:58: Bot Command Center SaaS Edition sedang berjalan...
2026-05-02T11:45:42: Bot Command Center SaaS Edition sedang berjalan...
2026-05-02T11:45:42: 
2026-05-02T11:50:51: Bot Command Center SaaS Edition sedang berjalan...
2026-05-02T11:57:32: Bot Command Center SaaS Edition sedang berjalan...
2026-05-02T11:57:32: 
2026-05-02T12:00:51: Bot Command Center SaaS Edition sedang berjalan...
2026-05-02T12:00:51: 
2026-05-02T12:38:25: Bot Command Center SaaS Edition sedang berjalan...
2026-05-02T12:49:39: Bot Command Center SaaS Edition sedang berjalan...
2026-05-02T12:49:40: Bot Command Center SaaS Edition sedang berjalan...
2026-05-02T12:49:40: 
2026-05-02T12:56:57: Bot Command Center SaaS Edition sedang berjalan...
2026-05-02T13:01:27: Bot Command Center SaaS Edition sedang berjalan...
2026-05-02T14:29:39: Bot Command Center v15.0 sedang berjalan...
2026-05-02T14:29:39: 
2026-05-02T14:47:22: Bot Command Center v15.0 sedang berjalan...
2026-05-02T14:55:11: Bot Command Center v15.0 sedang berjalan...
2026-05-02T15:02:54: Bot Command Center v15.0 sedang berjalan...
2026-05-02T15:16:28: Bot Command Center v15.0 sedang berjalan...
2026-05-02T15:16:28: 
2026-05-02T15:29:05: Bot Command Center v15.0 sedang berjalan...
2026-05-02T15:33:56: Bot Command Center v15.0 sedang berjalan...
2026-05-02T15:33:56: 
2026-05-02T15:38:44: Bot Command Center v15.0 sedang berjalan...
2026-05-02T15:38:44: 
2026-05-02T15:44:57: Bot Command Center v15.0 sedang berjalan...
2026-05-02T15:44:57: 
2026-05-03T01:21:18: Bot Command Center v15.0 sedang berjalan...
2026-05-03T01:26:22: Bot Command Center v15.0 sedang berjalan...
2026-05-04T10:10:40: NILAM COMMAND CENTER v17.0 (MAX SECURITY) ONLINE.
2026-05-05T07:32:36: NILAM COMMAND CENTER v17.0 (MAX SECURITY) ONLINE.
2026-05-05T07:32:36: 
2026-05-05T07:35:23: NILAM COMMAND CENTER v17.0 (MAX SECURITY) ONLINE.
2026-05-05T07:35:38: NILAM COMMAND CENTER v17.0 (MAX SECURITY) ONLINE.
2026-05-05T07:35:38: 
2026-05-05T07:35:54: NILAM COMMAND CENTER v17.0 (MAX SECURITY) ONLINE.
2026-05-05T07:36:02: NILAM COMMAND CENTER v17.0 (MAX SECURITY) ONLINE.
2026-05-05T07:36:02: 
2026-05-05T07:37:53: NILAM COMMAND CENTER v17.0 (MAX SECURITY) ONLINE.
2026-05-05T07:53:27: NILAM COMMAND CENTER v17.0 (MAX SECURITY) ONLINE.
2026-05-05T07:54:56: NILAM COMMAND CENTER v17.0 (MAX SECURITY) ONLINE.
2026-05-05T07:56:02: NILAM COMMAND CENTER v17.0 (MAX SECURITY) ONLINE.
2026-05-05T07:56:44: NILAM COMMAND CENTER v17.0 (MAX SECURITY) ONLINE.
2026-05-05T07:56:44: 
2026-05-05T07:58:20: NILAM COMMAND CENTER v17.0 (MAX SECURITY) ONLINE.
2026-05-05T07:58:30: NILAM COMMAND CENTER v17.0 (MAX SECURITY) ONLINE.
